<?xml version="1.0" ?>
<testsuites disabled="0" errors="0" failures="6" tests="8" time="0.0">
	<testsuite disabled="0" errors="0" failures="0" name="CKV_AWS_133/Ensure that RDS instances has backup policy" skipped="0" tests="1" time="0" package="checkov.terraform.checks.resource.aws.DBInstanceBackupRetentionPeriod">
		<testcase name="terraform CKV_AWS_133/Ensure that RDS instances has backup policy aws_rds_cluster.changeme_aws_aurora_cluster_instance" classname="checkov.terraform.checks.resource.aws.DBInstanceBackupRetentionPeriod" file="/test.tf"/>
	</testsuite>
	<testsuite disabled="0" errors="0" failures="0" name="CKV_AWS_41/Ensure no hard coded AWS access key and secret key exists in provider" skipped="0" tests="1" time="0" package="checkov.terraform.checks.provider.aws.credentials">
		<testcase name="terraform CKV_AWS_41/Ensure no hard coded AWS access key and secret key exists in provider aws.default" classname="checkov.terraform.checks.provider.aws.credentials" file="/test.tf"/>
	</testsuite>
	<testsuite disabled="0" errors="0" failures="1" name="CKV_AWS_128/Ensure that an Amazon RDS Clusters have AWS Identity and Access Management (IAM) authentication enabled" skipped="0" tests="1" time="0" package="checkov.terraform.checks.resource.aws.RDSEnableIAMAuthentication">
		<testcase name="terraform CKV_AWS_128/Ensure that an Amazon RDS Clusters have AWS Identity and Access Management (IAM) authentication enabled aws_rds_cluster.changeme_aws_aurora_cluster_instance" classname="checkov.terraform.checks.resource.aws.RDSEnableIAMAuthentication" file="/test.tf">
			<failure type="failure" message="Resource aws_rds_cluster.changeme_aws_aurora_cluster_instance failed in check CKV_AWS_128/Ensure that an Amazon RDS Clusters have AWS Identity and Access Management (IAM) authentication enabled - /test.tf:[38, 46] - Guideline: https://docs.bridgecrew.io/docs/ensure-that-an-amazon-rds-clusters-have-iam-authentication-enabled"/>
		</testcase>
	</testsuite>
	<testsuite disabled="0" errors="0" failures="1" name="CKV_AWS_162/Ensure RDS cluster has IAM authentication enabled" skipped="0" tests="1" time="0" package="checkov.terraform.checks.resource.aws.RDSClusterIAMAuthentication">
		<testcase name="terraform CKV_AWS_162/Ensure RDS cluster has IAM authentication enabled aws_rds_cluster.changeme_aws_aurora_cluster_instance" classname="checkov.terraform.checks.resource.aws.RDSClusterIAMAuthentication" file="/test.tf">
			<failure type="failure" message="Resource aws_rds_cluster.changeme_aws_aurora_cluster_instance failed in check CKV_AWS_162/Ensure RDS cluster has IAM authentication enabled - /test.tf:[38, 46] - Guideline: https://docs.bridgecrew.io/docs/ensure-rds-cluster-has-iam-authentication-enabled"/>
		</testcase>
	</testsuite>
	<testsuite disabled="0" errors="0" failures="1" name="CKV_AWS_139/Ensure that RDS clusters have deletion protection enabled" skipped="0" tests="1" time="0" package="checkov.terraform.checks.resource.aws.RDSDeletionProtection">
		<testcase name="terraform CKV_AWS_139/Ensure that RDS clusters have deletion protection enabled aws_rds_cluster.changeme_aws_aurora_cluster_instance" classname="checkov.terraform.checks.resource.aws.RDSDeletionProtection" file="/test.tf">
			<failure type="failure" message="Resource aws_rds_cluster.changeme_aws_aurora_cluster_instance failed in check CKV_AWS_139/Ensure that RDS clusters have deletion protection enabled - /test.tf:[38, 46] - Guideline: https://docs.bridgecrew.io/docs/ensure-that-rds-clusters-and-instances-have-deletion-protection-enabled"/>
		</testcase>
	</testsuite>
	<testsuite disabled="0" errors="0" failures="1" name="CKV_AWS_96/Ensure all data stored in Aurora is securely encrypted at rest" skipped="0" tests="1" time="0" package="checkov.terraform.checks.resource.aws.AuroraEncryption">
		<testcase name="terraform CKV_AWS_96/Ensure all data stored in Aurora is securely encrypted at rest aws_rds_cluster.changeme_aws_aurora_cluster_instance" classname="checkov.terraform.checks.resource.aws.AuroraEncryption" file="/test.tf">
			<failure type="failure" message="Resource aws_rds_cluster.changeme_aws_aurora_cluster_instance failed in check CKV_AWS_96/Ensure all data stored in Aurora is securely encrypted at rest - /test.tf:[38, 46] - Guideline: https://docs.bridgecrew.io/docs/bc_aws_general_38"/>
		</testcase>
	</testsuite>
	<testsuite disabled="0" errors="0" failures="1" name="CKV_AWS_146/Ensure that RDS database cluster snapshot is encrypted" skipped="0" tests="1" time="0" package="checkov.terraform.checks.resource.aws.RDSClusterSnapshotEncrypted">
		<testcase name="terraform CKV_AWS_146/Ensure that RDS database cluster snapshot is encrypted aws_db_cluster_snapshot.changeme_aws_aurora_snapshot" classname="checkov.terraform.checks.resource.aws.RDSClusterSnapshotEncrypted" file="/test.tf">
			<failure type="failure" message="Resource aws_db_cluster_snapshot.changeme_aws_aurora_snapshot failed in check CKV_AWS_146/Ensure that RDS database cluster snapshot is encrypted - /test.tf:[49, 52] - Guideline: https://docs.bridgecrew.io/docs/ensure-that-rds-database-cluster-snapshot-is-encrypted-1"/>
		</testcase>
	</testsuite>
	<testsuite disabled="0" errors="0" failures="1" name="CKV2_AWS_8/Ensure that RDS clusters has backup plan of AWS Backup" skipped="0" tests="1" time="0" package="checkov.common.graph.checks_infra.base_check">
		<testcase name="terraform CKV2_AWS_8/Ensure that RDS clusters has backup plan of AWS Backup aws_rds_cluster.changeme_aws_aurora_cluster_instance" classname="checkov.common.graph.checks_infra.base_check" file="/test.tf">
			<failure type="failure" message="Resource aws_rds_cluster.changeme_aws_aurora_cluster_instance failed in check CKV2_AWS_8/Ensure that RDS clusters has backup plan of AWS Backup - /test.tf:[38, 46] - Guideline: https://docs.bridgecrew.io/docs/ensure-that-rds-clusters-has-backup-plan-of-aws-backup"/>
		</testcase>
	</testsuite>
</testsuites>

